<?xml version="1.0" encoding="UTF-8"?>
<!-- Generated by org.testng.reporters.JUnitXMLReporter -->
<testsuite hostname="INBLRWIT2021130" name="Surefire test" tests="5" failures="0" timestamp="1 Mar 2023 06:18:51 GMT" time="3.643" errors="0">
  <testcase name="createAPlaylistWithExpiredToken" time="2.362" classname="com.spotify.oauth2.tests.PlaylistsTests"/>
  <testcase name="createAPlayListWithoutName" time="3.409" classname="com.spotify.oauth2.tests.PlaylistsTests"/>
  <testcase name="updateAPlaylist" time="3.47" classname="com.spotify.oauth2.tests.PlaylistsTests"/>
  <testcase name="getAPlaylist" time="3.495" classname="com.spotify.oauth2.tests.PlaylistsTests"/>
  <testcase name="createAPlaylist" time="3.621" classname="com.spotify.oauth2.tests.PlaylistsTests"/>
</testsuite> <!-- Surefire test -->
