<?xml version="1.0" encoding="UTF-8"?>
<testsuite xmlns:xsi="http://www.w3.org/2001/XMLSchema-instance" xsi:noNamespaceSchemaLocation="https://maven.apache.org/surefire/maven-surefire-plugin/xsd/surefire-test-report-3.0.xsd" version="3.0" name="TestSuite" time="4.231" tests="5" errors="0" skipped="0" failures="0">
  <properties>
[...]
</properties>
  <testcase name="createAPlaylistWithExpiredToken" classname="com.spotify.oauth2.tests.PlaylistsTests" time="2.362">
    <system-out><![CDATA[<<<<< STARTING TEST : getAPlaylist >>>>>
<<<<< STARTING TEST : createAPlayListWithoutName >>>>>
<<<<< STARTING TEST : createAPlaylistWithExpiredToken >>>>>
<<<<< STARTING TEST : updateAPlaylist >>>>>
<<<<< THREAD ID : 17 >>>>>
<<<<< THREAD ID : 18 >>>>>
<<<<< THREAD ID : 14 >>>>>
<<<<< STARTING TEST : createAPlaylist >>>>>
<<<<< THREAD ID : 15 >>>>>
<<<<< THREAD ID : 16 >>>>>
Token Expired, Renewing Token...
Request method:	POST
Request URI:	https://accounts.spotify.com/api/token
Proxy:			<none>
Request params:	<none>
Query params:	<none>
Form params:	refresh_token=AQDXyxI2ejGmBIjGTP2F0C-9koOUExNYRapoF5-g0DSbWJIg-zezUcwROIijkTL-ezaniHrn-_EIyPn-eg8F31J_Mr7UYluDw9-FanFDSpFtAiFgGL-__XCwAcMShwgRg24
				grant_type=refresh_token
				client_secret=27b04acd1d4742b1949a4bda7639bab9
				client_id=76ee9599e544413c94e8c457ab875047
Path params:	<none>
Headers:		Accept=*/*
				Content-Type=application/x-www-form-urlencoded; charset=ISO-8859-1
Cookies:		<none>
Multiparts:		<none>
Body:			<none>
Request method:	POST
Request URI:	https://api.spotify.com/v1/users/31tp7uytr47zvbfsr3tlvcigt7rq/playlists
Proxy:			<none>
Request params:	<none>
Query params:	<none>
Form params:	<none>
Path params:	<none>
Headers:		Accept=*/*
				Content-Type=text/plain; charset=ISO-8859-1
Cookies:		<none>
Multiparts:		<none>
Body:
{"description":"I like to listen Electronic music","name":"janel.thompson","public":false}
HTTP/1.1 401 Unauthorized
www-authenticate: Bearer realm="spotify", error="invalid_token", error_description="Invalid access token"
access-control-allow-origin: *
access-control-allow-headers: Accept, App-Platform, Authorization, Content-Type, Origin, Retry-After, Spotify-App-Version, X-Cloud-Trace-Context, client-token, content-access-token
access-control-allow-methods: GET, POST, OPTIONS, PUT, DELETE, PATCH
access-control-allow-credentials: true
access-control-max-age: 604800
content-type: application/json
content-encoding: gzip
strict-transport-security: max-age=31536000
x-content-type-options: nosniff
date: Wed, 01 Mar 2023 06:18:49 GMT
server: envoy
Via: HTTP/2 edgeproxy, 1.1 google
Alt-Svc: h3=":443"; ma=2592000,h3-29=":443"; ma=2592000
Transfer-Encoding: chunked

{
    "error": {
        "status": 401,
        "message": "Invalid access token"
    }
}
HTTP/1.1 200 OK
date: Wed, 01 Mar 2023 06:18:49 GMT
content-type: application/json
vary: Accept-Encoding
set-cookie: __Host-device_id=AQAZgVNeCrYZqzF10npYQaFI9-nir6vNQj_954ajHF93rp6kU2wsbZaOV4drFmLGEODhM0yJle3XeUA9hFe8koWEhhG-h-1XD7Q;Version=1;Path=/;Max-Age=2147483647;Secure;HttpOnly;SameSite=Lax
set-cookie: sp_tr=false;Version=1;Domain=accounts.spotify.com;Path=/;Secure;SameSite=Lax
sp-trace-id: 53bee2b53d6743e5
content-encoding: gzip
x-envoy-upstream-service-time: 30
server: envoy
strict-transport-security: max-age=31536000
x-content-type-options: nosniff
Via: HTTP/2 edgeproxy, 1.1 google
Alt-Svc: h3=":443"; ma=2592000,h3-29=":443"; ma=2592000
Transfer-Encoding: chunked

{
    "access_token": "BQBNVFDBRFJNNdQRNB9KUBthxMTvET9nI3UNNiTtMapeBZTHciE5AFbAbvxusKF477gJGB6DkmKFTX7SjVFRkfKINI4zwbFpGQFjseH3tl0pIywTPO56kdCK0Gk97HmHBPfR4mkRVFlxijdNrU6fbg2owuZecwdg_SAx4gugRj3BWnmYSE1UHKLJCDOxIy5TGicVSlGNdkYsHTjnvMsFBxm7NxxekC-M16MioHFHM3Wsm8rRG2D6oDe0DquUd-m1kUCPFUUNry0LEGTh_Q",
    "token_type": "Bearer",
    "expires_in": 3600,
    "scope": "playlist-read-private playlist-read-collaborative playlist-modify-private playlist-modify-public"
}
]]></system-out>
  </testcase>
  <testcase name="createAPlayListWithoutName" classname="com.spotify.oauth2.tests.PlaylistsTests" time="3.414">
    <system-out><![CDATA[Token is good to use...
Token is good to use...
Token is good to use...
Request method:	GET
Request URI:	https://api.spotify.com/v1/playlists/5wO4smPDpSRYz4QMqVYKOk
Proxy:			<none>
Request params:	<none>
Query params:	<none>
Form params:	<none>
Path params:	<none>
Headers:		Accept=*/*
Cookies:		<none>
Multiparts:		<none>
Body:			<none>
Request method:	POST
Request URI:	https://api.spotify.com/v1/users/31tp7uytr47zvbfsr3tlvcigt7rq/playlists
Proxy:			<none>
Request params:	<none>
Query params:	<none>
Form params:	<none>
Path params:	<none>
Headers:		Accept=*/*
				Content-Type=text/plain; charset=ISO-8859-1
Cookies:		<none>
Multiparts:		<none>
Body:
{"description":"I like to listen Rock music","name":"josh.kuvalis","public":false}
Request method:	PUT
Request URI:	https://api.spotify.com/v1/playlists/6827d1p3ockYO2HrAnM1d5
Proxy:			<none>
Request params:	<none>
Query params:	<none>
Form params:	<none>
Path params:	<none>
Headers:		Accept=*/*
				Content-Type=text/plain; charset=ISO-8859-1
Cookies:		<none>
Multiparts:		<none>
Body:
{"description":"I like to listen Soul music","name":"lavelle.cassin","public":false}
Request method:	POST
Request URI:	https://api.spotify.com/v1/users/31tp7uytr47zvbfsr3tlvcigt7rq/playlists
Proxy:			<none>
Request params:	<none>
Query params:	<none>
Form params:	<none>
Path params:	<none>
Headers:		Accept=*/*
				Content-Type=text/plain; charset=ISO-8859-1
Cookies:		<none>
Multiparts:		<none>
Body:
{"description":"I like to listen Blues music","name":"","public":false}
HTTP/1.1 400 Bad Request
content-type: application/json; charset=utf-8
cache-control: private, max-age=0
x-robots-tag: noindex, nofollow
access-control-allow-origin: *
access-control-allow-headers: Accept, App-Platform, Authorization, Content-Type, Origin, Retry-After, Spotify-App-Version, X-Cloud-Trace-Context, client-token, content-access-token
access-control-allow-methods: GET, POST, OPTIONS, PUT, DELETE, PATCH
access-control-allow-credentials: true
access-control-max-age: 604800
content-encoding: gzip
strict-transport-security: max-age=31536000
x-content-type-options: nosniff
date: Wed, 01 Mar 2023 06:18:50 GMT
server: envoy
Via: HTTP/2 edgeproxy, 1.1 google
Alt-Svc: h3=":443"; ma=2592000,h3-29=":443"; ma=2592000
Transfer-Encoding: chunked

{
    "error": {
        "status": 400,
        "message": "Missing required field: name"
    }
}
]]></system-out>
  </testcase>
  <testcase name="updateAPlaylist" classname="com.spotify.oauth2.tests.PlaylistsTests" time="3.475">
    <system-out><![CDATA[HTTP/1.1 200 OK
content-type: application/json; charset=utf-8
cache-control: public, max-age=0
etag: "MC-IjFhOTljNjQ4YjAzNmE4NDA5MjBhMDdkZDRkZGJjNmJhIg=="
x-robots-tag: noindex, nofollow
access-control-allow-origin: *
access-control-allow-headers: Accept, App-Platform, Authorization, Content-Type, Origin, Retry-After, Spotify-App-Version, X-Cloud-Trace-Context, client-token, content-access-token
access-control-allow-methods: GET, POST, OPTIONS, PUT, DELETE, PATCH
access-control-allow-credentials: true
access-control-max-age: 604800
content-encoding: gzip
strict-transport-security: max-age=31536000
x-content-type-options: nosniff
date: Wed, 01 Mar 2023 06:18:50 GMT
server: envoy
Via: HTTP/2 edgeproxy, 1.1 google
Alt-Svc: h3=":443"; ma=2592000,h3-29=":443"; ma=2592000
Transfer-Encoding: chunked

{
    "collaborative": false,
    "description": "I like to listen Country music",
    "external_urls": {
        "spotify": "https://open.spotify.com/playlist/5wO4smPDpSRYz4QMqVYKOk"
    },
    "followers": {
        "href": null,
        "total": 0
    },
    "href": "https://api.spotify.com/v1/playlists/5wO4smPDpSRYz4QMqVYKOk",
    "id": "5wO4smPDpSRYz4QMqVYKOk",
    "images": [
        
    ],
    "name": "mercedes.schmidt",
    "owner": {
        "display_name": "Sabari Vivek",
        "external_urls": {
            "spotify": "https://open.spotify.com/user/31tp7uytr47zvbfsr3tlvcigt7rq"
        },
        "href": "https://api.spotify.com/v1/users/31tp7uytr47zvbfsr3tlvcigt7rq",
        "id": "31tp7uytr47zvbfsr3tlvcigt7rq",
        "type": "user",
        "uri": "spotify:user:31tp7uytr47zvbfsr3tlvcigt7rq"
    },
    "primary_color": null,
    "public": false,
    "snapshot_id": "MjIsNjNkOWE0YjRjZGNjOTBjZDIzNDk1MzIxMjI0ZjhjZTM1YjEyYzQ4OQ==",
    "tracks": {
        "href": "https://api.spotify.com/v1/playlists/5wO4smPDpSRYz4QMqVYKOk/tracks?offset=0&limit=100",
        "items": [
            
        ],
        "limit": 100,
        "next": null,
        "offset": 0,
        "previous": null,
        "total": 0
    },
    "type": "playlist",
    "uri": "spotify:playlist:5wO4smPDpSRYz4QMqVYKOk"
}
HTTP/1.1 200 OK
cache-control: private, max-age=0
x-robots-tag: noindex, nofollow
access-control-allow-origin: *
access-control-allow-headers: Accept, App-Platform, Authorization, Content-Type, Origin, Retry-After, Spotify-App-Version, X-Cloud-Trace-Context, client-token, content-access-token
access-control-allow-methods: GET, POST, OPTIONS, PUT, DELETE, PATCH
access-control-allow-credentials: true
access-control-max-age: 604800
Content-Length: 0
strict-transport-security: max-age=31536000
x-content-type-options: nosniff
date: Wed, 01 Mar 2023 06:18:50 GMT
server: envoy
Via: HTTP/2 edgeproxy, 1.1 google
Alt-Svc: h3=":443"; ma=2592000,h3-29=":443"; ma=2592000
]]></system-out>
  </testcase>
  <testcase name="getAPlaylist" classname="com.spotify.oauth2.tests.PlaylistsTests" time="3.49"/>
  <testcase name="createAPlaylist" classname="com.spotify.oauth2.tests.PlaylistsTests" time="3.623">
    <system-out><![CDATA[HTTP/1.1 201 Created
content-type: application/json; charset=utf-8
cache-control: private, max-age=0
location: https://api.spotify.com/v1/playlists/0cgFqmKGIGREnO2wt1Bjkb
x-robots-tag: noindex, nofollow
access-control-allow-origin: *
access-control-allow-headers: Accept, App-Platform, Authorization, Content-Type, Origin, Retry-After, Spotify-App-Version, X-Cloud-Trace-Context, client-token, content-access-token
access-control-allow-methods: GET, POST, OPTIONS, PUT, DELETE, PATCH
access-control-allow-credentials: true
access-control-max-age: 604800
content-encoding: gzip
strict-transport-security: max-age=31536000
x-content-type-options: nosniff
date: Wed, 01 Mar 2023 06:18:50 GMT
server: envoy
Via: HTTP/2 edgeproxy, 1.1 google
Alt-Svc: h3=":443"; ma=2592000,h3-29=":443"; ma=2592000
Transfer-Encoding: chunked

{
    "collaborative": false,
    "description": "I like to listen Rock music",
    "external_urls": {
        "spotify": "https://open.spotify.com/playlist/0cgFqmKGIGREnO2wt1Bjkb"
    },
    "followers": {
        "href": null,
        "total": 0
    },
    "href": "https://api.spotify.com/v1/playlists/0cgFqmKGIGREnO2wt1Bjkb",
    "id": "0cgFqmKGIGREnO2wt1Bjkb",
    "images": [
        
    ],
    "name": "josh.kuvalis",
    "owner": {
        "display_name": "Sabari Vivek",
        "external_urls": {
            "spotify": "https://open.spotify.com/user/31tp7uytr47zvbfsr3tlvcigt7rq"
        },
        "href": "https://api.spotify.com/v1/users/31tp7uytr47zvbfsr3tlvcigt7rq",
        "id": "31tp7uytr47zvbfsr3tlvcigt7rq",
        "type": "user",
        "uri": "spotify:user:31tp7uytr47zvbfsr3tlvcigt7rq"
    },
    "primary_color": null,
    "public": false,
    "snapshot_id": "MSxiMmU5OTdkNDczNjk3ZTgyMzE5YWVmMjI0NzQxM2JjYTEyZTZkYjQ1",
    "tracks": {
        "href": "https://api.spotify.com/v1/playlists/0cgFqmKGIGREnO2wt1Bjkb/tracks",
        "items": [
            
        ],
        "limit": 100,
        "next": null,
        "offset": 0,
        "previous": null,
        "total": 0
    },
    "type": "playlist",
    "uri": "spotify:playlist:0cgFqmKGIGREnO2wt1Bjkb"
}
]]></system-out>
  </testcase>
</testsuite>